0 info it worked if it ends with ok
1 verbose cli [ 'C:\\Program Files\\nodejs\\node.exe',
1 verbose cli   'C:\\Users\\xelpmoc14\\AppData\\Roaming\\npm\\node_modules\\npm\\bin\\npm-cli.js',
1 verbose cli   'install' ]
2 info using npm@3.10.8
3 info using node@v7.10.0
4 silly loadCurrentTree Starting
5 silly install loadCurrentTree
6 silly install readLocalPackageData
7 silly install normalizeTree
8 silly loadCurrentTree Finishing
9 silly loadIdealTree Starting
10 silly install loadIdealTree
11 silly cloneCurrentTree Starting
12 silly install cloneCurrentTreeToIdealTree
13 silly cloneCurrentTree Finishing
14 silly loadShrinkwrap Starting
15 silly install loadShrinkwrap
16 silly loadShrinkwrap Finishing
17 silly loadAllDepsIntoIdealTree Starting
18 silly install loadAllDepsIntoIdealTree
19 silly fetchNamedPackageData sharp
20 silly mapToRegistry name sharp
21 silly mapToRegistry using default registry
22 silly mapToRegistry registry https://registry.npmjs.org/
23 silly mapToRegistry data Result {
23 silly mapToRegistry   raw: 'sharp',
23 silly mapToRegistry   scope: null,
23 silly mapToRegistry   escapedName: 'sharp',
23 silly mapToRegistry   name: 'sharp',
23 silly mapToRegistry   rawSpec: '',
23 silly mapToRegistry   spec: 'latest',
23 silly mapToRegistry   type: 'tag' }
24 silly mapToRegistry uri https://registry.npmjs.org/sharp
25 silly fetchNamedPackageData uuid
26 silly mapToRegistry name uuid
27 silly mapToRegistry using default registry
28 silly mapToRegistry registry https://registry.npmjs.org/
29 silly mapToRegistry data Result {
29 silly mapToRegistry   raw: 'uuid',
29 silly mapToRegistry   scope: null,
29 silly mapToRegistry   escapedName: 'uuid',
29 silly mapToRegistry   name: 'uuid',
29 silly mapToRegistry   rawSpec: '',
29 silly mapToRegistry   spec: 'latest',
29 silly mapToRegistry   type: 'tag' }
30 silly mapToRegistry uri https://registry.npmjs.org/uuid
31 verbose request uri https://registry.npmjs.org/uuid
32 verbose request no auth needed
33 info attempt registry request try #1 at 4:02:25 PM
34 verbose request id 6b0f2757edfbd187
35 verbose etag W/"5960e577-678d"
36 verbose lastModified Sat, 08 Jul 2017 14:00:23 GMT
37 http request GET https://registry.npmjs.org/uuid
38 verbose request uri https://registry.npmjs.org/sharp
39 verbose request no auth needed
40 info attempt registry request try #1 at 4:02:25 PM
41 verbose etag W/"5945c866-23347"
42 verbose lastModified Sun, 18 Jun 2017 00:25:10 GMT
43 http request GET https://registry.npmjs.org/sharp
44 http 304 https://registry.npmjs.org/uuid
45 verbose headers { date: 'Wed, 12 Jul 2017 10:32:25 GMT',
45 verbose headers   via: '1.1 varnish',
45 verbose headers   'cache-control': 'max-age=300',
45 verbose headers   etag: 'W/"5960e577-678d"',
45 verbose headers   age: '221',
45 verbose headers   connection: 'keep-alive',
45 verbose headers   'x-served-by': 'cache-sin18028-SIN',
45 verbose headers   'x-cache': 'HIT',
45 verbose headers   'x-cache-hits': '20',
45 verbose headers   'x-timer': 'S1499855545.202657,VS0,VE0',
45 verbose headers   vary: 'Accept-Encoding, Accept' }
46 silly get cb [ 304,
46 silly get   { date: 'Wed, 12 Jul 2017 10:32:25 GMT',
46 silly get     via: '1.1 varnish',
46 silly get     'cache-control': 'max-age=300',
46 silly get     etag: 'W/"5960e577-678d"',
46 silly get     age: '221',
46 silly get     connection: 'keep-alive',
46 silly get     'x-served-by': 'cache-sin18028-SIN',
46 silly get     'x-cache': 'HIT',
46 silly get     'x-cache-hits': '20',
46 silly get     'x-timer': 'S1499855545.202657,VS0,VE0',
46 silly get     vary: 'Accept-Encoding, Accept' } ]
47 verbose etag https://registry.npmjs.org/uuid from cache
48 verbose get saving uuid to C:\Users\xelpmoc14\AppData\Roaming\npm-cache\registry.npmjs.org\uuid\.cache.json
49 verbose correctMkdir C:\Users\xelpmoc14\AppData\Roaming\npm-cache correctMkdir not in flight; initializing
50 http 200 https://registry.npmjs.org/sharp
51 verbose headers { server: 'nginx/1.10.3',
51 verbose headers   'content-type': 'application/json',
51 verbose headers   'last-modified': 'Mon, 10 Jul 2017 01:52:47 GMT',
51 verbose headers   etag: 'W/"5962ddef-24367"',
51 verbose headers   'content-encoding': 'gzip',
51 verbose headers   'cache-control': 'max-age=300',
51 verbose headers   'content-length': '12070',
51 verbose headers   'accept-ranges': 'bytes',
51 verbose headers   date: 'Wed, 12 Jul 2017 10:32:25 GMT',
51 verbose headers   via: '1.1 varnish',
51 verbose headers   age: '37',
51 verbose headers   connection: 'keep-alive',
51 verbose headers   'x-served-by': 'cache-sin18031-SIN',
51 verbose headers   'x-cache': 'HIT',
51 verbose headers   'x-cache-hits': '1',
51 verbose headers   'x-timer': 'S1499855545.208284,VS0,VE0',
51 verbose headers   vary: 'Accept-Encoding, Accept' }
52 silly get cb [ 200,
52 silly get   { server: 'nginx/1.10.3',
52 silly get     'content-type': 'application/json',
52 silly get     'last-modified': 'Mon, 10 Jul 2017 01:52:47 GMT',
52 silly get     etag: 'W/"5962ddef-24367"',
52 silly get     'content-encoding': 'gzip',
52 silly get     'cache-control': 'max-age=300',
52 silly get     'content-length': '12070',
52 silly get     'accept-ranges': 'bytes',
52 silly get     date: 'Wed, 12 Jul 2017 10:32:25 GMT',
52 silly get     via: '1.1 varnish',
52 silly get     age: '37',
52 silly get     connection: 'keep-alive',
52 silly get     'x-served-by': 'cache-sin18031-SIN',
52 silly get     'x-cache': 'HIT',
52 silly get     'x-cache-hits': '1',
52 silly get     'x-timer': 'S1499855545.208284,VS0,VE0',
52 silly get     vary: 'Accept-Encoding, Accept' } ]
53 verbose get saving sharp to C:\Users\xelpmoc14\AppData\Roaming\npm-cache\registry.npmjs.org\sharp\.cache.json
54 verbose correctMkdir C:\Users\xelpmoc14\AppData\Roaming\npm-cache correctMkdir not in flight; initializing
55 silly resolveWithNewModule uuid@3.1.0 checking installable status
56 silly cache add args [ 'uuid@^3.0.1', null ]
57 verbose cache add spec uuid@^3.0.1
58 silly cache add parsed spec Result {
58 silly cache add   raw: 'uuid@^3.0.1',
58 silly cache add   scope: null,
58 silly cache add   escapedName: 'uuid',
58 silly cache add   name: 'uuid',
58 silly cache add   rawSpec: '^3.0.1',
58 silly cache add   spec: '>=3.0.1 <4.0.0',
58 silly cache add   type: 'range' }
59 silly addNamed uuid@>=3.0.1 <4.0.0
60 verbose addNamed ">=3.0.1 <4.0.0" is a valid semver range for uuid
61 silly addNameRange { name: 'uuid', range: '>=3.0.1 <4.0.0', hasData: false }
62 silly mapToRegistry name uuid
63 silly mapToRegistry using default registry
64 silly mapToRegistry registry https://registry.npmjs.org/
65 silly mapToRegistry data Result {
65 silly mapToRegistry   raw: 'uuid',
65 silly mapToRegistry   scope: null,
65 silly mapToRegistry   escapedName: 'uuid',
65 silly mapToRegistry   name: 'uuid',
65 silly mapToRegistry   rawSpec: '',
65 silly mapToRegistry   spec: 'latest',
65 silly mapToRegistry   type: 'tag' }
66 silly mapToRegistry uri https://registry.npmjs.org/uuid
67 verbose addNameRange registry:https://registry.npmjs.org/uuid not in flight; fetching
68 verbose get https://registry.npmjs.org/uuid not expired, no request
69 silly addNameRange number 2 { name: 'uuid', range: '>=3.0.1 <4.0.0', hasData: true }
70 silly addNameRange versions [ 'uuid',
70 silly addNameRange   [ '0.0.1',
70 silly addNameRange     '0.0.2',
70 silly addNameRange     '1.4.0',
70 silly addNameRange     '1.4.1',
70 silly addNameRange     '1.4.2',
70 silly addNameRange     '2.0.0',
70 silly addNameRange     '2.0.1',
70 silly addNameRange     '2.0.2',
70 silly addNameRange     '2.0.3',
70 silly addNameRange     '3.0.0',
70 silly addNameRange     '3.0.1',
70 silly addNameRange     '3.1.0' ] ]
71 silly addNamed uuid@3.1.0
72 verbose addNamed "3.1.0" is a plain semver version for uuid
73 silly fetchPackageMetaData Error: No compatible version found: sharp@^4.3.0
73 silly fetchPackageMetaData Valid install targets:
73 silly fetchPackageMetaData 0.18.2, 0.18.1, 0.18.0, 0.17.3, 0.17.2, 0.17.1, 0.17.0, 0.16.2, 0.16.1, 0.16.0, 0.15.1, 0.15.0, 0.14.1, 0.14.0, 0.13.1, 0.13.0, 0.12.2, 0.12.1, 0.12.0, 0.11.4, 0.11.3, 0.11.2, 0.11.1, 0.11.0, 0.10.1, 0.10.0, 0.9.3, 0.9.2, 0.9.1, 0.9.0, 0.8.4, 0.8.3, 0.8.2, 0.8.1, 0.8.0, 0.7.2, 0.7.1, 0.7.0, 0.6.2, 0.6.1, 0.6.0, 0.5.2, 0.5.1, 0.5.0, 0.4.2, 0.4.1, 0.4.0, 0.3.0, 0.2.0, 0.1.8, 0.1.7, 0.1.6, 0.1.5, 0.1.4, 0.1.3, 0.1.2, 0.1.1, 0.1.0, 0.0.9, 0.0.8, 0.0.7, 0.0.6, 0.0.5, 0.0.4, 0.0.3, 0.0.2, 0.0.1
73 silly fetchPackageMetaData
73 silly fetchPackageMetaData     at pickVersionFromRegistryDocument (C:\Users\xelpmoc14\AppData\Roaming\npm\node_modules\npm\lib\fetch-package-metadata.js:178:16)
73 silly fetchPackageMetaData     at C:\Users\xelpmoc14\AppData\Roaming\npm\node_modules\npm\node_modules\iferr\index.js:13:50
73 silly fetchPackageMetaData     at C:\Users\xelpmoc14\AppData\Roaming\npm\node_modules\npm\lib\utils\pulse-till-done.js:20:8
73 silly fetchPackageMetaData     at saved (C:\Users\xelpmoc14\AppData\Roaming\npm\node_modules\npm\lib\cache\caching-client.js:174:7)
73 silly fetchPackageMetaData     at C:\Users\xelpmoc14\AppData\Roaming\npm\node_modules\npm\node_modules\graceful-fs\polyfills.js:233:18
73 silly fetchPackageMetaData     at FSReqWrap.oncomplete (fs.js:114:15)
73 silly fetchPackageMetaData  error for sharp@^4.3.0 { Error: No compatible version found: sharp@^4.3.0
73 silly fetchPackageMetaData Valid install targets:
73 silly fetchPackageMetaData 0.18.2, 0.18.1, 0.18.0, 0.17.3, 0.17.2, 0.17.1, 0.17.0, 0.16.2, 0.16.1, 0.16.0, 0.15.1, 0.15.0, 0.14.1, 0.14.0, 0.13.1, 0.13.0, 0.12.2, 0.12.1, 0.12.0, 0.11.4, 0.11.3, 0.11.2, 0.11.1, 0.11.0, 0.10.1, 0.10.0, 0.9.3, 0.9.2, 0.9.1, 0.9.0, 0.8.4, 0.8.3, 0.8.2, 0.8.1, 0.8.0, 0.7.2, 0.7.1, 0.7.0, 0.6.2, 0.6.1, 0.6.0, 0.5.2, 0.5.1, 0.5.0, 0.4.2, 0.4.1, 0.4.0, 0.3.0, 0.2.0, 0.1.8, 0.1.7, 0.1.6, 0.1.5, 0.1.4, 0.1.3, 0.1.2, 0.1.1, 0.1.0, 0.0.9, 0.0.8, 0.0.7, 0.0.6, 0.0.5, 0.0.4, 0.0.3, 0.0.2, 0.0.1
73 silly fetchPackageMetaData
73 silly fetchPackageMetaData     at pickVersionFromRegistryDocument (C:\Users\xelpmoc14\AppData\Roaming\npm\node_modules\npm\lib\fetch-package-metadata.js:178:16)
73 silly fetchPackageMetaData     at C:\Users\xelpmoc14\AppData\Roaming\npm\node_modules\npm\node_modules\iferr\index.js:13:50
73 silly fetchPackageMetaData     at C:\Users\xelpmoc14\AppData\Roaming\npm\node_modules\npm\lib\utils\pulse-till-done.js:20:8
73 silly fetchPackageMetaData     at saved (C:\Users\xelpmoc14\AppData\Roaming\npm\node_modules\npm\lib\cache\caching-client.js:174:7)
73 silly fetchPackageMetaData     at C:\Users\xelpmoc14\AppData\Roaming\npm\node_modules\npm\node_modules\graceful-fs\polyfills.js:233:18
73 silly fetchPackageMetaData     at FSReqWrap.oncomplete (fs.js:114:15) code: 'ETARGET' }
74 silly cache afterAdd uuid@3.1.0
75 verbose afterAdd C:\Users\xelpmoc14\AppData\Roaming\npm-cache\uuid\3.1.0\package\package.json not in flight; writing
76 verbose correctMkdir C:\Users\xelpmoc14\AppData\Roaming\npm-cache correctMkdir not in flight; initializing
77 verbose afterAdd C:\Users\xelpmoc14\AppData\Roaming\npm-cache\uuid\3.1.0\package\package.json written
78 silly rollbackFailedOptional Starting
79 silly rollbackFailedOptional Finishing
80 silly runTopLevelLifecycles Finishing
81 silly install printInstalled
82 verbose stack Error: No compatible version found: sharp@^4.3.0
82 verbose stack Valid install targets:
82 verbose stack 0.18.2, 0.18.1, 0.18.0, 0.17.3, 0.17.2, 0.17.1, 0.17.0, 0.16.2, 0.16.1, 0.16.0, 0.15.1, 0.15.0, 0.14.1, 0.14.0, 0.13.1, 0.13.0, 0.12.2, 0.12.1, 0.12.0, 0.11.4, 0.11.3, 0.11.2, 0.11.1, 0.11.0, 0.10.1, 0.10.0, 0.9.3, 0.9.2, 0.9.1, 0.9.0, 0.8.4, 0.8.3, 0.8.2, 0.8.1, 0.8.0, 0.7.2, 0.7.1, 0.7.0, 0.6.2, 0.6.1, 0.6.0, 0.5.2, 0.5.1, 0.5.0, 0.4.2, 0.4.1, 0.4.0, 0.3.0, 0.2.0, 0.1.8, 0.1.7, 0.1.6, 0.1.5, 0.1.4, 0.1.3, 0.1.2, 0.1.1, 0.1.0, 0.0.9, 0.0.8, 0.0.7, 0.0.6, 0.0.5, 0.0.4, 0.0.3, 0.0.2, 0.0.1
82 verbose stack
82 verbose stack     at pickVersionFromRegistryDocument (C:\Users\xelpmoc14\AppData\Roaming\npm\node_modules\npm\lib\fetch-package-metadata.js:178:16)
82 verbose stack     at C:\Users\xelpmoc14\AppData\Roaming\npm\node_modules\npm\node_modules\iferr\index.js:13:50
82 verbose stack     at C:\Users\xelpmoc14\AppData\Roaming\npm\node_modules\npm\lib\utils\pulse-till-done.js:20:8
82 verbose stack     at saved (C:\Users\xelpmoc14\AppData\Roaming\npm\node_modules\npm\lib\cache\caching-client.js:174:7)
82 verbose stack     at C:\Users\xelpmoc14\AppData\Roaming\npm\node_modules\npm\node_modules\graceful-fs\polyfills.js:233:18
82 verbose stack     at FSReqWrap.oncomplete (fs.js:114:15)
83 verbose cwd C:\xampp\htdocs\ReactNativeExp
84 error Windows_NT 10.0.15063
85 error argv "C:\\Program Files\\nodejs\\node.exe" "C:\\Users\\xelpmoc14\\AppData\\Roaming\\npm\\node_modules\\npm\\bin\\npm-cli.js" "install"
86 error node v7.10.0
87 error npm  v3.10.8
88 error code ETARGET
89 error notarget No compatible version found: sharp@^4.3.0
89 error notarget Valid install targets:
89 error notarget 0.18.2, 0.18.1, 0.18.0, 0.17.3, 0.17.2, 0.17.1, 0.17.0, 0.16.2, 0.16.1, 0.16.0, 0.15.1, 0.15.0, 0.14.1, 0.14.0, 0.13.1, 0.13.0, 0.12.2, 0.12.1, 0.12.0, 0.11.4, 0.11.3, 0.11.2, 0.11.1, 0.11.0, 0.10.1, 0.10.0, 0.9.3, 0.9.2, 0.9.1, 0.9.0, 0.8.4, 0.8.3, 0.8.2, 0.8.1, 0.8.0, 0.7.2, 0.7.1, 0.7.0, 0.6.2, 0.6.1, 0.6.0, 0.5.2, 0.5.1, 0.5.0, 0.4.2, 0.4.1, 0.4.0, 0.3.0, 0.2.0, 0.1.8, 0.1.7, 0.1.6, 0.1.5, 0.1.4, 0.1.3, 0.1.2, 0.1.1, 0.1.0, 0.0.9, 0.0.8, 0.0.7, 0.0.6, 0.0.5, 0.0.4, 0.0.3, 0.0.2, 0.0.1
90 error notarget This is most likely not a problem with npm itself.
90 error notarget In most cases you or one of your dependencies are requesting
90 error notarget a package version that doesn't exist.
90 error notarget
90 error notarget It was specified as a dependency of 'photoalbum'
91 verbose exit [ 1, true ]
